<?xml version="1.0" encoding="UTF-8"?>
<!-- Generated by org.testng.reporters.JUnitXMLReporter -->
<testsuite hostname="Ahmed_PC" ignored="0" name="Calculator SmokTest" tests="4" failures="0" timestamp="22 Feb 2018 21:42:33 GMT" time="49.661" errors="0">
  <testcase name="DeviationOperator" time="3.163" classname="Day_4.Calculator_DDT"/>
  <testcase name="MinusOperator" time="2.607" classname="Day_4.Calculator_DDT"/>
  <testcase name="PlusOperator" time="2.534" classname="Day_4.Calculator_DDT"/>
  <testcase name="multiplyOperator" time="2.636" classname="Day_4.Calculator_DDT"/>
</testsuite> <!-- Calculator SmokTest -->
