<?xml version="1.0" encoding="UTF-8"?>
<!-- Generated by org.testng.reporters.JUnitXMLReporter -->
<testsuite hostname="DESKTOP-1TGL11O" ignored="0" name="chrome" tests="4" failures="0" timestamp="03 Mar 2018 19:13:47 GMT" time="79.497" errors="0">
  <testcase name="DeviationOperator" time="3.413" classname="Day_4.Supper_Calculator"/>
  <testcase name="MinusOperator" time="2.473" classname="Day_4.Supper_Calculator"/>
  <testcase name="PlusOperator" time="2.975" classname="Day_4.Supper_Calculator"/>
  <testcase name="multiplyOperator" time="2.504" classname="Day_4.Supper_Calculator"/>
</testsuite> <!-- chrome -->
