<?xml version="1.0" encoding="UTF-8"?>
<!-- Generated by org.testng.reporters.JUnitXMLReporter -->
<testsuite hostname="DESKTOP-1TGL11O" ignored="0" name="FF" tests="4" failures="0" timestamp="03 Mar 2018 19:14:17 GMT" time="109.813" errors="0">
  <testcase name="DeviationOperator" time="7.295" classname="Day_4.Supper_Calculator"/>
  <testcase name="MinusOperator" time="4.505" classname="Day_4.Supper_Calculator"/>
  <testcase name="PlusOperator" time="3.432" classname="Day_4.Supper_Calculator"/>
  <testcase name="multiplyOperator" time="3.374" classname="Day_4.Supper_Calculator"/>
</testsuite> <!-- FF -->
